  gCamera.cpp
  GLconversions.cpp
  Mesh_OGL3.cpp
C:\Users\Felhasználó\source\repos\Space-Demo\Space_demo\01_OGLBase\Includes\Mesh_OGL3.cpp(48,65): warning C4267: 'argument': conversion from 'size_t' to 'GLsizei', possible loss of data
  ObjParser_OGL3.cpp
  ProgramObject.cpp
  ShaderObject.cpp
  VertexArrayObject.cpp
  main.cpp
  MyApp.cpp
C:\Users\Felhasználó\source\repos\Space-Demo\Space_demo\01_OGLBase\MyApp.cpp(164,60): warning C4305: 'argument': truncation from 'double' to 'T'
          with
          [
              T=float
          ]
  SkyBox.cpp
  imgui.cpp
T:\OGLPack\include\imgui\imgui.cpp(10996,163): warning C4267: 'argument': conversion from 'size_t' to 'int', possible loss of data
T:\OGLPack\include\imgui\imgui.cpp(11001,161): warning C4267: 'argument': conversion from 'size_t' to 'int', possible loss of data
T:\OGLPack\include\imgui\imgui.cpp(11124,158): warning C4267: 'argument': conversion from 'size_t' to 'int', possible loss of data
T:\OGLPack\include\imgui\imgui.cpp(11128,160): warning C4267: 'argument': conversion from 'size_t' to 'int', possible loss of data
  imgui_demo.cpp
  imgui_draw.cpp
  imgui_impl_sdl_gl3.cpp
  Generating Code...
  01_OGLBase.vcxproj -> C:\Users\Felhasználó\Source\Repos\Space-Demo\Space_demo\x64\Debug\01_OGLBase.exe
